2015-12-19 17:01:15,728 [main] INFO  org.hibernate.jpa.internal.util.LogHelper - HHH000204: Processing PersistenceUnitInfo [
	name: default
	...]
2015-12-19 17:01:15,809 [main] INFO  org.hibernate.Version - HHH000412: Hibernate Core {4.3.10.Final}
2015-12-19 17:01:15,811 [main] INFO  org.hibernate.cfg.Environment - HHH000206: hibernate.properties not found
2015-12-19 17:01:15,813 [main] INFO  org.hibernate.cfg.Environment - HHH000021: Bytecode provider name : javassist
2015-12-19 17:01:16,088 [main] INFO  org.hibernate.annotations.common.Version - HCANN000001: Hibernate Commons Annotations {4.0.5.Final}
2015-12-19 17:01:16,464 [main] INFO  org.hibernate.dialect.Dialect - HHH000400: Using dialect: org.hibernate.dialect.PostgreSQLDialect
2015-12-19 17:01:16,476 [main] INFO  org.hibernate.engine.jdbc.internal.LobCreatorBuilder - HHH000424: Disabling contextual LOB creation as createClob() method threw error : java.lang.reflect.InvocationTargetException
2015-12-19 17:02:25,083 [main] INFO  org.hibernate.jpa.internal.util.LogHelper - HHH000204: Processing PersistenceUnitInfo [
	name: default
	...]
2015-12-19 17:02:25,168 [main] INFO  org.hibernate.Version - HHH000412: Hibernate Core {4.3.10.Final}
2015-12-19 17:02:25,170 [main] INFO  org.hibernate.cfg.Environment - HHH000206: hibernate.properties not found
2015-12-19 17:02:25,171 [main] INFO  org.hibernate.cfg.Environment - HHH000021: Bytecode provider name : javassist
2015-12-19 17:02:25,422 [main] INFO  org.hibernate.annotations.common.Version - HCANN000001: Hibernate Commons Annotations {4.0.5.Final}
2015-12-19 17:02:25,714 [main] INFO  org.hibernate.dialect.Dialect - HHH000400: Using dialect: org.hibernate.dialect.PostgreSQLDialect
2015-12-19 17:02:25,726 [main] INFO  org.hibernate.engine.jdbc.internal.LobCreatorBuilder - HHH000424: Disabling contextual LOB creation as createClob() method threw error : java.lang.reflect.InvocationTargetException
2015-12-19 17:02:25,883 [main] INFO  org.hibernate.hql.internal.ast.ASTQueryTranslatorFactory - HHH000397: Using ASTQueryTranslatorFactory
2015-12-19 17:02:25,886 [main] WARN  org.hibernate.cfg.SettingsFactory - Unrecognized value for "hibernate.hbm2ddl.auto": true
2015-12-19 17:04:46,427 [main] INFO  org.hibernate.jpa.internal.util.LogHelper - HHH000204: Processing PersistenceUnitInfo [
	name: default
	...]
2015-12-19 17:04:46,512 [main] INFO  org.hibernate.Version - HHH000412: Hibernate Core {4.3.10.Final}
2015-12-19 17:04:46,514 [main] INFO  org.hibernate.cfg.Environment - HHH000206: hibernate.properties not found
2015-12-19 17:04:46,515 [main] INFO  org.hibernate.cfg.Environment - HHH000021: Bytecode provider name : javassist
2015-12-19 17:04:46,777 [main] INFO  org.hibernate.annotations.common.Version - HCANN000001: Hibernate Commons Annotations {4.0.5.Final}
2015-12-19 17:04:47,078 [main] INFO  org.hibernate.dialect.Dialect - HHH000400: Using dialect: org.hibernate.dialect.PostgreSQLDialect
2015-12-19 17:04:47,090 [main] INFO  org.hibernate.engine.jdbc.internal.LobCreatorBuilder - HHH000424: Disabling contextual LOB creation as createClob() method threw error : java.lang.reflect.InvocationTargetException
2015-12-19 17:04:47,300 [main] INFO  org.hibernate.hql.internal.ast.ASTQueryTranslatorFactory - HHH000397: Using ASTQueryTranslatorFactory
2015-12-19 17:04:47,642 [main] INFO  org.hibernate.tool.hbm2ddl.SchemaExport - HHH000227: Running hbm2ddl schema export
2015-12-19 17:04:47,706 [main] ERROR org.hibernate.tool.hbm2ddl.SchemaExport - HHH000389: Unsuccessful: alter table caller_phrase drop constraint FK_2cb7hincc12x8ft7mweoowoqp
2015-12-19 17:04:47,706 [main] ERROR org.hibernate.tool.hbm2ddl.SchemaExport - ERROR: relation "caller_phrase" does not exist
2015-12-19 17:04:47,707 [main] ERROR org.hibernate.tool.hbm2ddl.SchemaExport - HHH000389: Unsuccessful: alter table caller_phrase drop constraint FK_mwskf3mrj9skrvdcd86uhlmy
2015-12-19 17:04:47,707 [main] ERROR org.hibernate.tool.hbm2ddl.SchemaExport - ERROR: relation "caller_phrase" does not exist
2015-12-19 17:04:47,708 [main] ERROR org.hibernate.tool.hbm2ddl.SchemaExport - HHH000389: Unsuccessful: alter table customer_answers drop constraint FK_d16b5hn3y4egx2dopb7ivn8ie
2015-12-19 17:04:47,708 [main] ERROR org.hibernate.tool.hbm2ddl.SchemaExport - ERROR: relation "customer_answers" does not exist
2015-12-19 17:04:47,708 [main] ERROR org.hibernate.tool.hbm2ddl.SchemaExport - HHH000389: Unsuccessful: alter table customer_answers drop constraint FK_a7jk0xjhwxco6jet4s4ncf9vg
2015-12-19 17:04:47,708 [main] ERROR org.hibernate.tool.hbm2ddl.SchemaExport - ERROR: relation "customer_answers" does not exist
2015-12-19 17:04:47,711 [main] ERROR org.hibernate.tool.hbm2ddl.SchemaExport - HHH000389: Unsuccessful: drop sequence hibernate_sequence
2015-12-19 17:04:47,711 [main] ERROR org.hibernate.tool.hbm2ddl.SchemaExport - ERROR: sequence "hibernate_sequence" does not exist
2015-12-19 17:04:47,981 [main] INFO  org.hibernate.tool.hbm2ddl.SchemaExport - HHH000230: Schema export complete
2015-12-19 17:08:16,831 [main] INFO  org.hibernate.jpa.internal.util.LogHelper - HHH000204: Processing PersistenceUnitInfo [
	name: default
	...]
2015-12-19 17:08:16,913 [main] INFO  org.hibernate.Version - HHH000412: Hibernate Core {4.3.10.Final}
2015-12-19 17:08:16,915 [main] INFO  org.hibernate.cfg.Environment - HHH000206: hibernate.properties not found
2015-12-19 17:08:16,916 [main] INFO  org.hibernate.cfg.Environment - HHH000021: Bytecode provider name : javassist
2015-12-19 17:08:17,182 [main] INFO  org.hibernate.annotations.common.Version - HCANN000001: Hibernate Commons Annotations {4.0.5.Final}
2015-12-19 17:08:17,479 [main] INFO  org.hibernate.dialect.Dialect - HHH000400: Using dialect: org.hibernate.dialect.PostgreSQLDialect
2015-12-19 17:08:17,491 [main] INFO  org.hibernate.engine.jdbc.internal.LobCreatorBuilder - HHH000424: Disabling contextual LOB creation as createClob() method threw error : java.lang.reflect.InvocationTargetException
2015-12-19 17:08:17,650 [main] INFO  org.hibernate.hql.internal.ast.ASTQueryTranslatorFactory - HHH000397: Using ASTQueryTranslatorFactory
2015-12-19 17:08:17,654 [main] WARN  org.hibernate.cfg.SettingsFactory - Unrecognized value for "hibernate.hbm2ddl.auto": true
2015-12-19 17:09:47,794 [main] INFO  org.hibernate.jpa.internal.util.LogHelper - HHH000204: Processing PersistenceUnitInfo [
	name: default
	...]
2015-12-19 17:09:47,863 [main] INFO  org.hibernate.Version - HHH000412: Hibernate Core {4.3.10.Final}
2015-12-19 17:09:47,864 [main] INFO  org.hibernate.cfg.Environment - HHH000206: hibernate.properties not found
2015-12-19 17:09:47,866 [main] INFO  org.hibernate.cfg.Environment - HHH000021: Bytecode provider name : javassist
2015-12-19 17:09:48,053 [main] INFO  org.hibernate.annotations.common.Version - HCANN000001: Hibernate Commons Annotations {4.0.5.Final}
2015-12-19 17:09:48,382 [main] INFO  org.hibernate.dialect.Dialect - HHH000400: Using dialect: org.hibernate.dialect.PostgreSQLDialect
2015-12-19 17:09:48,393 [main] INFO  org.hibernate.engine.jdbc.internal.LobCreatorBuilder - HHH000424: Disabling contextual LOB creation as createClob() method threw error : java.lang.reflect.InvocationTargetException
2015-12-19 17:09:48,529 [main] INFO  org.hibernate.hql.internal.ast.ASTQueryTranslatorFactory - HHH000397: Using ASTQueryTranslatorFactory
2015-12-19 17:09:48,531 [main] WARN  org.hibernate.cfg.SettingsFactory - Unrecognized value for "hibernate.hbm2ddl.auto": true
2015-12-19 17:10:40,918 [main] INFO  org.hibernate.jpa.internal.util.LogHelper - HHH000204: Processing PersistenceUnitInfo [
	name: default
	...]
2015-12-19 17:10:40,998 [main] INFO  org.hibernate.Version - HHH000412: Hibernate Core {4.3.10.Final}
2015-12-19 17:10:41,000 [main] INFO  org.hibernate.cfg.Environment - HHH000206: hibernate.properties not found
2015-12-19 17:10:41,001 [main] INFO  org.hibernate.cfg.Environment - HHH000021: Bytecode provider name : javassist
2015-12-19 17:10:41,263 [main] INFO  org.hibernate.annotations.common.Version - HCANN000001: Hibernate Commons Annotations {4.0.5.Final}
2015-12-19 17:10:41,557 [main] INFO  org.hibernate.dialect.Dialect - HHH000400: Using dialect: org.hibernate.dialect.PostgreSQLDialect
2015-12-19 17:10:41,570 [main] INFO  org.hibernate.engine.jdbc.internal.LobCreatorBuilder - HHH000424: Disabling contextual LOB creation as createClob() method threw error : java.lang.reflect.InvocationTargetException
2015-12-19 17:10:41,726 [main] INFO  org.hibernate.hql.internal.ast.ASTQueryTranslatorFactory - HHH000397: Using ASTQueryTranslatorFactory
2015-12-19 17:10:41,729 [main] WARN  org.hibernate.cfg.SettingsFactory - Unrecognized value for "hibernate.hbm2ddl.auto": true
2015-12-19 17:15:36,028 [main] INFO  org.hibernate.jpa.internal.util.LogHelper - HHH000204: Processing PersistenceUnitInfo [
	name: default
	...]
2015-12-19 17:15:36,112 [main] INFO  org.hibernate.Version - HHH000412: Hibernate Core {4.3.10.Final}
2015-12-19 17:15:36,114 [main] INFO  org.hibernate.cfg.Environment - HHH000206: hibernate.properties not found
2015-12-19 17:15:36,116 [main] INFO  org.hibernate.cfg.Environment - HHH000021: Bytecode provider name : javassist
2015-12-19 17:15:36,474 [main] INFO  org.hibernate.annotations.common.Version - HCANN000001: Hibernate Commons Annotations {4.0.5.Final}
2015-12-19 17:15:36,818 [main] INFO  org.hibernate.dialect.Dialect - HHH000400: Using dialect: org.hibernate.dialect.PostgreSQLDialect
2015-12-19 17:15:36,832 [main] INFO  org.hibernate.engine.jdbc.internal.LobCreatorBuilder - HHH000424: Disabling contextual LOB creation as createClob() method threw error : java.lang.reflect.InvocationTargetException
2015-12-19 17:15:36,995 [main] INFO  org.hibernate.hql.internal.ast.ASTQueryTranslatorFactory - HHH000397: Using ASTQueryTranslatorFactory
2015-12-19 17:15:36,999 [main] WARN  org.hibernate.cfg.SettingsFactory - Unrecognized value for "hibernate.hbm2ddl.auto": true
2015-12-19 17:17:53,914 [main] INFO  org.hibernate.jpa.internal.util.LogHelper - HHH000204: Processing PersistenceUnitInfo [
	name: default
	...]
2015-12-19 17:17:53,997 [main] INFO  org.hibernate.Version - HHH000412: Hibernate Core {4.3.10.Final}
2015-12-19 17:17:53,999 [main] INFO  org.hibernate.cfg.Environment - HHH000206: hibernate.properties not found
2015-12-19 17:17:54,000 [main] INFO  org.hibernate.cfg.Environment - HHH000021: Bytecode provider name : javassist
2015-12-19 17:17:54,265 [main] INFO  org.hibernate.annotations.common.Version - HCANN000001: Hibernate Commons Annotations {4.0.5.Final}
2015-12-19 17:17:54,563 [main] INFO  org.hibernate.dialect.Dialect - HHH000400: Using dialect: org.hibernate.dialect.PostgreSQLDialect
2015-12-19 17:17:54,575 [main] INFO  org.hibernate.engine.jdbc.internal.LobCreatorBuilder - HHH000424: Disabling contextual LOB creation as createClob() method threw error : java.lang.reflect.InvocationTargetException
2015-12-19 17:17:54,735 [main] INFO  org.hibernate.hql.internal.ast.ASTQueryTranslatorFactory - HHH000397: Using ASTQueryTranslatorFactory
2015-12-19 17:17:54,739 [main] WARN  org.hibernate.cfg.SettingsFactory - Unrecognized value for "hibernate.hbm2ddl.auto": true
2015-12-19 17:19:43,199 [main] INFO  org.hibernate.jpa.internal.util.LogHelper - HHH000204: Processing PersistenceUnitInfo [
	name: default
	...]
2015-12-19 17:19:43,287 [main] INFO  org.hibernate.Version - HHH000412: Hibernate Core {4.3.10.Final}
2015-12-19 17:19:43,289 [main] INFO  org.hibernate.cfg.Environment - HHH000206: hibernate.properties not found
2015-12-19 17:19:43,290 [main] INFO  org.hibernate.cfg.Environment - HHH000021: Bytecode provider name : javassist
2015-12-19 17:19:43,592 [main] INFO  org.hibernate.annotations.common.Version - HCANN000001: Hibernate Commons Annotations {4.0.5.Final}
2015-12-19 17:19:43,895 [main] INFO  org.hibernate.dialect.Dialect - HHH000400: Using dialect: org.hibernate.dialect.PostgreSQLDialect
2015-12-19 17:19:43,907 [main] INFO  org.hibernate.engine.jdbc.internal.LobCreatorBuilder - HHH000424: Disabling contextual LOB creation as createClob() method threw error : java.lang.reflect.InvocationTargetException
2015-12-19 17:19:44,060 [main] INFO  org.hibernate.hql.internal.ast.ASTQueryTranslatorFactory - HHH000397: Using ASTQueryTranslatorFactory
2015-12-19 17:19:44,064 [main] WARN  org.hibernate.cfg.SettingsFactory - Unrecognized value for "hibernate.hbm2ddl.auto": true
2015-12-19 17:20:51,699 [main] INFO  org.hibernate.jpa.internal.util.LogHelper - HHH000204: Processing PersistenceUnitInfo [
	name: default
	...]
2015-12-19 17:20:51,778 [main] INFO  org.hibernate.Version - HHH000412: Hibernate Core {4.3.10.Final}
2015-12-19 17:20:51,780 [main] INFO  org.hibernate.cfg.Environment - HHH000206: hibernate.properties not found
2015-12-19 17:20:51,782 [main] INFO  org.hibernate.cfg.Environment - HHH000021: Bytecode provider name : javassist
2015-12-19 17:20:52,035 [main] INFO  org.hibernate.annotations.common.Version - HCANN000001: Hibernate Commons Annotations {4.0.5.Final}
2015-12-19 17:20:52,343 [main] INFO  org.hibernate.dialect.Dialect - HHH000400: Using dialect: org.hibernate.dialect.PostgreSQLDialect
2015-12-19 17:20:52,355 [main] INFO  org.hibernate.engine.jdbc.internal.LobCreatorBuilder - HHH000424: Disabling contextual LOB creation as createClob() method threw error : java.lang.reflect.InvocationTargetException
2015-12-19 17:20:52,510 [main] INFO  org.hibernate.hql.internal.ast.ASTQueryTranslatorFactory - HHH000397: Using ASTQueryTranslatorFactory
2015-12-19 17:20:52,514 [main] WARN  org.hibernate.cfg.SettingsFactory - Unrecognized value for "hibernate.hbm2ddl.auto": true
2015-12-19 17:21:54,454 [main] INFO  org.hibernate.jpa.internal.util.LogHelper - HHH000204: Processing PersistenceUnitInfo [
	name: default
	...]
2015-12-19 17:21:54,534 [main] INFO  org.hibernate.Version - HHH000412: Hibernate Core {4.3.10.Final}
2015-12-19 17:21:54,536 [main] INFO  org.hibernate.cfg.Environment - HHH000206: hibernate.properties not found
2015-12-19 17:21:54,537 [main] INFO  org.hibernate.cfg.Environment - HHH000021: Bytecode provider name : javassist
2015-12-19 17:21:54,793 [main] INFO  org.hibernate.annotations.common.Version - HCANN000001: Hibernate Commons Annotations {4.0.5.Final}
2015-12-19 17:21:55,091 [main] INFO  org.hibernate.dialect.Dialect - HHH000400: Using dialect: org.hibernate.dialect.PostgreSQLDialect
2015-12-19 17:21:55,106 [main] INFO  org.hibernate.engine.jdbc.internal.LobCreatorBuilder - HHH000424: Disabling contextual LOB creation as createClob() method threw error : java.lang.reflect.InvocationTargetException
2015-12-19 17:21:55,265 [main] INFO  org.hibernate.hql.internal.ast.ASTQueryTranslatorFactory - HHH000397: Using ASTQueryTranslatorFactory
2015-12-19 17:21:55,268 [main] WARN  org.hibernate.cfg.SettingsFactory - Unrecognized value for "hibernate.hbm2ddl.auto": true
2015-12-19 17:22:42,109 [main] INFO  org.hibernate.jpa.internal.util.LogHelper - HHH000204: Processing PersistenceUnitInfo [
	name: default
	...]
2015-12-19 17:22:42,192 [main] INFO  org.hibernate.Version - HHH000412: Hibernate Core {4.3.10.Final}
2015-12-19 17:22:42,193 [main] INFO  org.hibernate.cfg.Environment - HHH000206: hibernate.properties not found
2015-12-19 17:22:42,195 [main] INFO  org.hibernate.cfg.Environment - HHH000021: Bytecode provider name : javassist
2015-12-19 17:22:42,446 [main] INFO  org.hibernate.annotations.common.Version - HCANN000001: Hibernate Commons Annotations {4.0.5.Final}
2015-12-19 17:22:42,757 [main] INFO  org.hibernate.dialect.Dialect - HHH000400: Using dialect: org.hibernate.dialect.PostgreSQLDialect
2015-12-19 17:22:42,769 [main] INFO  org.hibernate.engine.jdbc.internal.LobCreatorBuilder - HHH000424: Disabling contextual LOB creation as createClob() method threw error : java.lang.reflect.InvocationTargetException
2015-12-19 17:22:42,926 [main] INFO  org.hibernate.hql.internal.ast.ASTQueryTranslatorFactory - HHH000397: Using ASTQueryTranslatorFactory
2015-12-19 17:22:42,930 [main] WARN  org.hibernate.cfg.SettingsFactory - Unrecognized value for "hibernate.hbm2ddl.auto": true
2015-12-19 17:23:35,689 [main] INFO  org.hibernate.jpa.internal.util.LogHelper - HHH000204: Processing PersistenceUnitInfo [
	name: default
	...]
2015-12-19 17:23:35,770 [main] INFO  org.hibernate.Version - HHH000412: Hibernate Core {4.3.10.Final}
2015-12-19 17:23:35,772 [main] INFO  org.hibernate.cfg.Environment - HHH000206: hibernate.properties not found
2015-12-19 17:23:35,773 [main] INFO  org.hibernate.cfg.Environment - HHH000021: Bytecode provider name : javassist
2015-12-19 17:23:36,028 [main] INFO  org.hibernate.annotations.common.Version - HCANN000001: Hibernate Commons Annotations {4.0.5.Final}
2015-12-19 17:23:36,894 [main] INFO  org.hibernate.dialect.Dialect - HHH000400: Using dialect: org.hibernate.dialect.PostgreSQLDialect
2015-12-19 17:23:36,907 [main] INFO  org.hibernate.engine.jdbc.internal.LobCreatorBuilder - HHH000424: Disabling contextual LOB creation as createClob() method threw error : java.lang.reflect.InvocationTargetException
2015-12-19 17:23:37,064 [main] INFO  org.hibernate.hql.internal.ast.ASTQueryTranslatorFactory - HHH000397: Using ASTQueryTranslatorFactory
2015-12-19 17:23:37,067 [main] WARN  org.hibernate.cfg.SettingsFactory - Unrecognized value for "hibernate.hbm2ddl.auto": true
